<?xml version="1.0" encoding="UTF-8"?>
<!-- Generated by org.testng.reporters.JUnitReportReporter -->
<testsuite hostname="DESKTOP-ETTPGLD" failures="0" tests="1" name="testNG_15082022.TestNG_Prt2_BasicAnnotation_15082022" time="39.755" errors="0" timestamp="2022-08-17T21:02:33 IST" skipped="0">
  <testcase classname="testNG_15082022.TestNG_Prt2_BasicAnnotation_15082022" name="verifyIt" time="39.755"/>
  <system-out>
    <![CDATA[Url launch
Name searched]]>
  </system-out>
</testsuite> <!-- testNG_15082022.TestNG_Prt2_BasicAnnotation_15082022 -->
