<?xml version="1.0" encoding="UTF-8"?>
<!-- Generated by org.testng.reporters.JUnitReportReporter -->
<testsuite hostname="DESKTOP-ETTPGLD" failures="0" tests="8" name="testNG_15082022.NewTest" time="121.225" errors="0" timestamp="2022-08-21T02:26:35 IST" skipped="0">
  <testcase classname="testNG_15082022.NewTest" name="validatePageTitle" time="11.250"/>
  <system-out>
    <![CDATA[--Pass:TitleValidated: Page Title is as Expected--
--Pass:Title Width Validated: as per specification--]]>
  </system-out>
  <testcase classname="testNG_15082022.NewTest" name="validateHomeMenu" time="16.627"/>
  <system-out>
    <![CDATA[--Pass: Home menu is Displayed--
---Pass: Button is enabled---
--Navigated to correct URL]]>
  </system-out>
  <testcase classname="testNG_15082022.NewTest" name="validateContactMenut" time="22.786"/>
  <system-out>
    <![CDATA[--Contact menu displayed
---Contact menu is enabled--
--Menu name is correct--
--Send button is enabled--
--Alert Msg is as per Spec.--]]>
  </system-out>
  <testcase classname="testNG_15082022.NewTest" name="validateAboutUsMenu" time="15.542"/>
  <system-out>
    <![CDATA[--About us Menu state as per Spec--
--About us menu name is as per spec--
--Play button is visible--
--Play button is clickable--
--Before Mouse Hovering button is invisible--
--On Mouse Hovering button is visible--
--Close button is present--
--Close button is enabled--]]>
  </system-out>
  <testcase classname="testNG_15082022.NewTest" name="validateCartMenu" time="13.482"/>
  <system-out>
    <![CDATA[--Cart Menu is visible--
--Cart Menu State is as per spec
--Menu name as per spec--
--Page Navigated to URL as per Spec--]]>
  </system-out>
  <testcase classname="testNG_15082022.NewTest" name="validateLogOutMenu" time="12.716"/>
  <system-out>
    <![CDATA[--Logout menu is visible--
--Logout menu is Enabled--
--Menu title is as per Spec--]]>
  </system-out>
  <testcase classname="testNG_15082022.NewTest" name="validateUserName" time="10.552"/>
  <system-out>
    <![CDATA[--UserName is displayed--
--UserName is correct--
--UserName is clickable--]]>
  </system-out>
  <testcase classname="testNG_15082022.NewTest" name="validateCategorySubMenu" time="18.270"/>
  <system-out>
    <![CDATA[--Category title is present--
--Category option is clickable--
--Option title is as per Spec--
--Category title is present--
--Category option is clickable--
--Option title is as per Spec--
--Page Navigated to URL as per Spec.
--Laptops title is present--
--Laptops option is clickable--
--Option title is as per Spec--
--Page Navigated to URL as per Spec.
--Monitors title is present--
--Monitors option is clickable--
--Option title is as per Spec--
--Page Navigated to URL as per Spec.]]>
  </system-out>
</testsuite> <!-- testNG_15082022.NewTest -->
