<?xml version="1.0" encoding="UTF-8"?>
<!-- Generated by org.testng.reporters.JUnitReportReporter -->
<testsuite hostname="DESKTOP-ETTPGLD" failures="0" tests="1" name="testNG_15082022.TestNG_Prt5_Amazon_MouseHover_20082022" time="44.718" errors="0" timestamp="2022-08-20T01:49:42 IST" skipped="0">
  <testcase classname="testNG_15082022.TestNG_Prt5_Amazon_MouseHover_20082022" name="checkTodaysDealsMenu" time="44.718"/>
  <system-out>
    <![CDATA[Today's Deals
All Deals
Watched Deals
Subscribe & Save
Coupons
Amazon Assistant
Clearance
Refurbished & Open Box]]>
  </system-out>
</testsuite> <!-- testNG_15082022.TestNG_Prt5_Amazon_MouseHover_20082022 -->
