<?xml version="1.0" encoding="UTF-8"?>
<!-- Generated by org.testng.reporters.JUnitReportReporter -->
<testsuite hostname="DESKTOP-ETTPGLD" failures="0" tests="1" name="testNG_15082022.RD_DemoBlaze_Resolved_19082022" time="31.644" errors="0" timestamp="2022-08-19T21:11:33 IST" skipped="0">
  <testcase classname="testNG_15082022.RD_DemoBlaze_Resolved_19082022" name="phones" time="31.644"/>
  <system-out>
    <![CDATA[---add phones to cart and take screenshot of phone and cart---
Product added.
Product added.
cart value is: 2230
----Two phones added to cart and screenshots are stored----]]>
  </system-out>
</testsuite> <!-- testNG_15082022.RD_DemoBlaze_Resolved_19082022 -->
