<?xml version="1.0" encoding="UTF-8"?>
<!-- Generated by org.testng.reporters.JUnitReportReporter -->
<testsuite hostname="DESKTOP-ETTPGLD" failures="0" tests="2" name="testNG_15082022.TestNG_Prt7_RediffMail_Test_22082022" time="8.423" errors="0" timestamp="2022-08-22T22:37:58 IST" skipped="1">
  <testcase classname="testNG_15082022.TestNG_Prt7_RediffMail_Test_22082022" name="validateMonitors" time="8.423"/>
  <system-out/>
  <testcase classname="testNG_15082022.TestNG_Prt7_RediffMail_Test_22082022" name="webpageValidation">
    <skipped/>
  </testcase> <!-- webpageValidation -->
  <system-out/>
</testsuite> <!-- testNG_15082022.TestNG_Prt7_RediffMail_Test_22082022 -->
