<?xml version="1.0" encoding="UTF-8"?>
<!-- Generated by org.testng.reporters.JUnitReportReporter -->
<testsuite hostname="DESKTOP-ETTPGLD" failures="0" tests="1" name="testNG_15082022.TestNG_Prt1_Basic_13082022" time="0.047" errors="0" timestamp="2022-08-13T22:43:05 IST" skipped="0">
  <testcase classname="testNG_15082022.TestNG_Prt1_Basic_13082022" name="display" time="0.047"/>
  <system-out/>
</testsuite> <!-- testNG_15082022.TestNG_Prt1_Basic_13082022 -->
