<?xml version="1.0" encoding="UTF-8"?>
<!-- Generated by org.testng.reporters.JUnitReportReporter -->
<testsuite hostname="DESKTOP-ETTPGLD" failures="0" tests="12" name="testNG_15082022.TestNG_Prt3_AnnotationBfAfMethod_18082022" time="46.253" errors="0" timestamp="2022-08-19T14:36:48 IST" skipped="11">
  <testcase classname="testNG_15082022.TestNG_Prt3_AnnotationBfAfMethod_18082022" name="clickOnMenuOptionAmazonPay" time="46.253"/>
  <system-out>
    <![CDATA[We are on page: Amazon Pay]]>
  </system-out>
  <testcase classname="testNG_15082022.TestNG_Prt3_AnnotationBfAfMethod_18082022" name="checkItemDropDown">
    <skipped/>
  </testcase> <!-- checkItemDropDown -->
  <system-out/>
  <testcase classname="testNG_15082022.TestNG_Prt3_AnnotationBfAfMethod_18082022" name="clickOnMenuOptionGiftCards">
    <skipped/>
  </testcase> <!-- clickOnMenuOptionGiftCards -->
  <system-out/>
  <testcase classname="testNG_15082022.TestNG_Prt3_AnnotationBfAfMethod_18082022" name="clickOnMenuOptionBestSellers">
    <skipped/>
  </testcase> <!-- clickOnMenuOptionBestSellers -->
  <system-out/>
  <testcase classname="testNG_15082022.TestNG_Prt3_AnnotationBfAfMethod_18082022" name="clickOnMenuOptionTodaysDeal">
    <skipped/>
  </testcase> <!-- clickOnMenuOptionTodaysDeal -->
  <system-out/>
  <testcase classname="testNG_15082022.TestNG_Prt3_AnnotationBfAfMethod_18082022" name="clickOnMenuOptionBuyAgain">
    <skipped/>
  </testcase> <!-- clickOnMenuOptionBuyAgain -->
  <system-out/>
  <testcase classname="testNG_15082022.TestNG_Prt3_AnnotationBfAfMethod_18082022" name="clickOnMenuOptionMobiles">
    <skipped/>
  </testcase> <!-- clickOnMenuOptionMobiles -->
  <system-out/>
  <testcase classname="testNG_15082022.TestNG_Prt3_AnnotationBfAfMethod_18082022" name="clickOnMenuOptionElectronics">
    <skipped/>
  </testcase> <!-- clickOnMenuOptionElectronics -->
  <system-out/>
  <testcase classname="testNG_15082022.TestNG_Prt3_AnnotationBfAfMethod_18082022" name="clickOnMenuOptionAll">
    <skipped/>
  </testcase> <!-- clickOnMenuOptionAll -->
  <system-out/>
  <testcase classname="testNG_15082022.TestNG_Prt3_AnnotationBfAfMethod_18082022" name="clickOnMenuOptionFresh">
    <skipped/>
  </testcase> <!-- clickOnMenuOptionFresh -->
  <system-out/>
  <testcase classname="testNG_15082022.TestNG_Prt3_AnnotationBfAfMethod_18082022" name="clickOnMenuOptionCustomerService">
    <skipped/>
  </testcase> <!-- clickOnMenuOptionCustomerService -->
  <system-out/>
  <testcase classname="testNG_15082022.TestNG_Prt3_AnnotationBfAfMethod_18082022" name="clickOnMenuOptionPrime">
    <skipped/>
  </testcase> <!-- clickOnMenuOptionPrime -->
  <system-out/>
</testsuite> <!-- testNG_15082022.TestNG_Prt3_AnnotationBfAfMethod_18082022 -->
