<?xml version="1.0" encoding="UTF-8"?>
<!-- Generated by org.testng.reporters.JUnitReportReporter -->
<testsuite hostname="DESKTOP-0NGEI12" failures="0" tests="2" name="TestNg.CurrentAcTestcase1" time="0.015" errors="0" timestamp="2023-01-20T17:33:38 IST" skipped="0">
  <testcase classname="TestNg.CurrentAcTestcase1" name="test1" time="0.011"/>
  <system-out/>
  <testcase classname="TestNg.CurrentAcTestcase1" name="test2" time="0.004"/>
  <system-out/>
</testsuite> <!-- TestNg.CurrentAcTestcase1 -->
