<?xml version="1.0" encoding="UTF-8"?>
<!-- Generated by org.testng.reporters.JUnitReportReporter -->
<testsuite hostname="DESKTOP-0NGEI12" failures="0" tests="2" name="TestNg.CurrentAcTestcase2" time="0.006" errors="0" timestamp="2023-01-20T17:33:38 IST" skipped="0">
  <testcase classname="TestNg.CurrentAcTestcase2" name="test2" time="0.002"/>
  <system-out/>
  <testcase classname="TestNg.CurrentAcTestcase2" name="test1" time="0.004"/>
  <system-out/>
</testsuite> <!-- TestNg.CurrentAcTestcase2 -->
