<?xml version="1.0" encoding="UTF-8"?>
<!-- Generated by org.testng.reporters.JUnitReportReporter -->
<testsuite hostname="DESKTOP-0NGEI12" failures="0" tests="2" name="TestNg.TestNGExample" time="0.016" errors="0" timestamp="2023-01-20T16:54:17 IST" skipped="0">
  <testcase classname="TestNg.TestNGExample" name="test2" time="0.005"/>
  <system-out/>
  <testcase classname="TestNg.TestNGExample" name="test1" time="0.011"/>
  <system-out/>
</testsuite> <!-- TestNg.TestNGExample -->
