<?xml version="1.0" encoding="UTF-8"?>
<!-- Generated by org.testng.reporters.JUnitReportReporter -->
<testsuite hostname="DESKTOP-0NGEI12" failures="0" tests="3" name="TestNg.TestNg_Attributes" time="0.011" errors="0" timestamp="2023-01-20T16:54:17 IST" skipped="1">
  <testcase classname="TestNg.TestNg_Attributes" name="Homepage" time="0.007"/>
  <system-out/>
  <testcase classname="TestNg.TestNg_Attributes" name="Registration" time="0.004"/>
  <system-out/>
  <testcase classname="TestNg.TestNg_Attributes" name="Login">
    <skipped/>
  </testcase> <!-- Login -->
  <system-out/>
</testsuite> <!-- TestNg.TestNg_Attributes -->
